24-03-25 17:55:48.508 [main] INFO  o.s.t.c.s.AnnotationConfigContextLoaderUtils - Could not detect default configuration classes for test class [com.jrn.journalapp.REpo.UserRepositoryImplTests]: UserRepositoryImplTests does not declare any static, non-private, non-final, nested classes annotated with @Configuration. 
24-03-25 17:55:48.686 [main] INFO  o.s.b.t.c.SpringBootTestContextBootstrapper - Found @SpringBootConfiguration com.jrn.journalapp.JournalAppApplication for test class com.jrn.journalapp.REpo.UserRepositoryImplTests 
24-03-25 17:55:49.149 [main] INFO  c.j.j.REpo.UserRepositoryImplTests - Starting UserRepositoryImplTests using Java 21.0.2 with PID 4736 (started by SANJAY KUMAR SINGH in C:\Users\SANJAY KUMAR SINGH\Downloads\journalapp\journalapp) 
24-03-25 17:55:49.151 [main] INFO  c.j.j.REpo.UserRepositoryImplTests - No active profile set, falling back to 1 default profile: "default" 
24-03-25 17:55:50.176 [main] INFO  o.s.d.r.c.RepositoryConfigurationDelegate - Multiple Spring Data modules found, entering strict repository configuration mode 
24-03-25 17:55:50.179 [main] INFO  o.s.d.r.c.RepositoryConfigurationDelegate - Bootstrapping Spring Data MongoDB repositories in DEFAULT mode. 
24-03-25 17:55:50.289 [main] INFO  o.s.d.r.c.RepositoryConfigurationDelegate - Finished Spring Data repository scanning in 103 ms. Found 3 MongoDB repository interfaces. 
24-03-25 17:55:51.232 [main] INFO  org.mongodb.driver.client - MongoClient with metadata {"driver": {"name": "mongo-java-driver|sync|spring-boot", "version": "4.9.1"}, "os": {"type": "Windows", "name": "Windows 11", "architecture": "amd64", "version": "10.0"}, "platform": "Java/Oracle Corporation/21.0.2+13-LTS-58"} created with settings MongoClientSettings{readPreference=primary, writeConcern=WriteConcern{w=null, wTimeout=null ms, journal=null}, retryWrites=true, retryReads=true, readConcern=ReadConcern{level=null}, credential=MongoCredential{mechanism=null, userName='syankitas1d', source='admin', password=<hidden>, mechanismProperties=<hidden>}, streamFactoryFactory=null, commandListeners=[], codecRegistry=ProvidersCodecRegistry{codecProviders=[ValueCodecProvider{}, BsonValueCodecProvider{}, DBRefCodecProvider{}, DBObjectCodecProvider{}, DocumentCodecProvider{}, CollectionCodecProvider{}, IterableCodecProvider{}, MapCodecProvider{}, GeoJsonCodecProvider{}, GridFSFileCodecProvider{}, Jsr310CodecProvider{}, JsonObjectCodecProvider{}, BsonCodecProvider{}, EnumCodecProvider{}, com.mongodb.client.model.mql.ExpressionCodecProvider@da4cf09, com.mongodb.Jep395RecordCodecProvider@1980a3f]}, loggerSettings=LoggerSettings{maxDocumentLength=1000}, clusterSettings={hosts=[127.0.0.1:27017], srvHost=cluster0.iub46pf.mongodb.net, srvServiceName=mongodb, mode=MULTIPLE, requiredClusterType=REPLICA_SET, requiredReplicaSetName='atlas-vs6pvb-shard-0', serverSelector='null', clusterListeners='[]', serverSelectionTimeout='30000 ms', localThreshold='30000 ms'}, socketSettings=SocketSettings{connectTimeoutMS=10000, readTimeoutMS=0, receiveBufferSize=0, sendBufferSize=0}, heartbeatSocketSettings=SocketSettings{connectTimeoutMS=10000, readTimeoutMS=10000, receiveBufferSize=0, sendBufferSize=0}, connectionPoolSettings=ConnectionPoolSettings{maxSize=100, minSize=0, maxWaitTimeMS=120000, maxConnectionLifeTimeMS=0, maxConnectionIdleTimeMS=0, maintenanceInitialDelayMS=0, maintenanceFrequencyMS=60000, connectionPoolListeners=[], maxConnecting=2}, serverSettings=ServerSettings{heartbeatFrequencyMS=10000, minHeartbeatFrequencyMS=500, serverListeners='[]', serverMonitorListeners='[]'}, sslSettings=SslSettings{enabled=true, invalidHostNameAllowed=false, context=null}, applicationName='null', compressorList=[], uuidRepresentation=JAVA_LEGACY, serverApi=null, autoEncryptionSettings=null, contextProvider=null} 
24-03-25 17:55:51.232 [cluster-ClusterId{value='66016d4fcfe6cd0e0d616991', description='null'}-srv-cluster0.iub46pf.mongodb.net] INFO  org.mongodb.driver.cluster - Adding discovered server ac-te3zfa8-shard-00-02.iub46pf.mongodb.net:27017 to client view of cluster 
24-03-25 17:55:51.295 [cluster-ClusterId{value='66016d4fcfe6cd0e0d616991', description='null'}-srv-cluster0.iub46pf.mongodb.net] INFO  org.mongodb.driver.cluster - Adding discovered server ac-te3zfa8-shard-00-01.iub46pf.mongodb.net:27017 to client view of cluster 
24-03-25 17:55:51.298 [cluster-ClusterId{value='66016d4fcfe6cd0e0d616991', description='null'}-srv-cluster0.iub46pf.mongodb.net] INFO  org.mongodb.driver.cluster - Adding discovered server ac-te3zfa8-shard-00-00.iub46pf.mongodb.net:27017 to client view of cluster 
24-03-25 17:55:52.277 [main] INFO  org.mongodb.driver.cluster - No server chosen by com.mongodb.client.internal.MongoClientDelegate$$Lambda/0x000002731e518000@76216830 from cluster description ClusterDescription{type=REPLICA_SET, connectionMode=MULTIPLE, serverDescriptions=[ServerDescription{address=ac-te3zfa8-shard-00-02.iub46pf.mongodb.net:27017, type=UNKNOWN, state=CONNECTING}, ServerDescription{address=ac-te3zfa8-shard-00-00.iub46pf.mongodb.net:27017, type=UNKNOWN, state=CONNECTING}, ServerDescription{address=ac-te3zfa8-shard-00-01.iub46pf.mongodb.net:27017, type=UNKNOWN, state=CONNECTING}]}. Waiting for 30000 ms before timing out 
24-03-25 17:55:52.849 [cluster-ClusterId{value='66016d4fcfe6cd0e0d616991', description='null'}-ac-te3zfa8-shard-00-00.iub46pf.mongodb.net:27017] INFO  org.mongodb.driver.cluster - Monitor thread successfully connected to server with description ServerDescription{address=ac-te3zfa8-shard-00-00.iub46pf.mongodb.net:27017, type=REPLICA_SET_SECONDARY, state=CONNECTED, ok=true, minWireVersion=0, maxWireVersion=21, maxDocumentSize=16777216, logicalSessionTimeoutMinutes=30, roundTripTimeNanos=985992500, setName='atlas-vs6pvb-shard-0', canonicalAddress=ac-te3zfa8-shard-00-00.iub46pf.mongodb.net:27017, hosts=[ac-te3zfa8-shard-00-01.iub46pf.mongodb.net:27017, ac-te3zfa8-shard-00-02.iub46pf.mongodb.net:27017, ac-te3zfa8-shard-00-00.iub46pf.mongodb.net:27017], passives=[], arbiters=[], primary='ac-te3zfa8-shard-00-02.iub46pf.mongodb.net:27017', tagSet=TagSet{[Tag{name='availabilityZone', value='aps1-az1'}, Tag{name='diskState', value='READY'}, Tag{name='nodeType', value='ELECTABLE'}, Tag{name='provider', value='AWS'}, Tag{name='region', value='AP_SOUTH_1'}, Tag{name='workloadType', value='OPERATIONAL'}]}, electionId=null, setVersion=1, topologyVersion=TopologyVersion{processId=65fc4e46db5d549c811a9599, counter=4}, lastWriteDate=Mon Mar 25 17:56:34 IST 2024, lastUpdateTimeNanos=3255628498500} 
24-03-25 17:55:52.852 [cluster-ClusterId{value='66016d4fcfe6cd0e0d616991', description='null'}-ac-te3zfa8-shard-00-01.iub46pf.mongodb.net:27017] INFO  org.mongodb.driver.cluster - Monitor thread successfully connected to server with description ServerDescription{address=ac-te3zfa8-shard-00-01.iub46pf.mongodb.net:27017, type=REPLICA_SET_SECONDARY, state=CONNECTED, ok=true, minWireVersion=0, maxWireVersion=21, maxDocumentSize=16777216, logicalSessionTimeoutMinutes=30, roundTripTimeNanos=988953600, setName='atlas-vs6pvb-shard-0', canonicalAddress=ac-te3zfa8-shard-00-01.iub46pf.mongodb.net:27017, hosts=[ac-te3zfa8-shard-00-01.iub46pf.mongodb.net:27017, ac-te3zfa8-shard-00-02.iub46pf.mongodb.net:27017, ac-te3zfa8-shard-00-00.iub46pf.mongodb.net:27017], passives=[], arbiters=[], primary='ac-te3zfa8-shard-00-02.iub46pf.mongodb.net:27017', tagSet=TagSet{[Tag{name='availabilityZone', value='aps1-az3'}, Tag{name='diskState', value='READY'}, Tag{name='nodeType', value='ELECTABLE'}, Tag{name='provider', value='AWS'}, Tag{name='region', value='AP_SOUTH_1'}, Tag{name='workloadType', value='OPERATIONAL'}]}, electionId=null, setVersion=1, topologyVersion=TopologyVersion{processId=65fc5129233a47a815fdb88a, counter=3}, lastWriteDate=Mon Mar 25 17:56:34 IST 2024, lastUpdateTimeNanos=3255631451000} 
24-03-25 17:55:52.853 [cluster-ClusterId{value='66016d4fcfe6cd0e0d616991', description='null'}-ac-te3zfa8-shard-00-02.iub46pf.mongodb.net:27017] INFO  org.mongodb.driver.cluster - Monitor thread successfully connected to server with description ServerDescription{address=ac-te3zfa8-shard-00-02.iub46pf.mongodb.net:27017, type=REPLICA_SET_PRIMARY, state=CONNECTED, ok=true, minWireVersion=0, maxWireVersion=21, maxDocumentSize=16777216, logicalSessionTimeoutMinutes=30, roundTripTimeNanos=990667500, setName='atlas-vs6pvb-shard-0', canonicalAddress=ac-te3zfa8-shard-00-02.iub46pf.mongodb.net:27017, hosts=[ac-te3zfa8-shard-00-01.iub46pf.mongodb.net:27017, ac-te3zfa8-shard-00-02.iub46pf.mongodb.net:27017, ac-te3zfa8-shard-00-00.iub46pf.mongodb.net:27017], passives=[], arbiters=[], primary='ac-te3zfa8-shard-00-02.iub46pf.mongodb.net:27017', tagSet=TagSet{[Tag{name='availabilityZone', value='aps1-az2'}, Tag{name='diskState', value='READY'}, Tag{name='nodeType', value='ELECTABLE'}, Tag{name='provider', value='AWS'}, Tag{name='region', value='AP_SOUTH_1'}, Tag{name='workloadType', value='OPERATIONAL'}]}, electionId=7fffffff0000000000000017, setVersion=1, topologyVersion=TopologyVersion{processId=65fc4fdaa6cf96765fe1dc5d, counter=6}, lastWriteDate=Mon Mar 25 17:56:34 IST 2024, lastUpdateTimeNanos=3255633279200} 
24-03-25 17:55:52.855 [cluster-ClusterId{value='66016d4fcfe6cd0e0d616991', description='null'}-ac-te3zfa8-shard-00-02.iub46pf.mongodb.net:27017] INFO  org.mongodb.driver.cluster - Discovered replica set primary ac-te3zfa8-shard-00-02.iub46pf.mongodb.net:27017 with max election id 7fffffff0000000000000017 and max set version 1 
24-03-25 17:55:55.252 [main] INFO  o.s.s.web.DefaultSecurityFilterChain - Will secure any request with [org.springframework.security.web.session.DisableEncodeUrlFilter@4a122e68, org.springframework.security.web.context.request.async.WebAsyncManagerIntegrationFilter@41be8db9, org.springframework.security.web.context.SecurityContextHolderFilter@2a5c6b76, org.springframework.security.web.header.HeaderWriterFilter@5871a482, org.springframework.web.filter.CorsFilter@2c2a7d53, org.springframework.security.web.authentication.logout.LogoutFilter@3b30eec5, org.springframework.security.web.authentication.www.BasicAuthenticationFilter@70cf7d1e, org.springframework.security.web.savedrequest.RequestCacheAwareFilter@3d88ce0e, org.springframework.security.web.servletapi.SecurityContextHolderAwareRequestFilter@31f7eb8, org.springframework.security.web.authentication.AnonymousAuthenticationFilter@46524ebe, org.springframework.security.web.session.SessionManagementFilter@531ec2ca, org.springframework.security.web.access.ExceptionTranslationFilter@740c4868, org.springframework.security.web.access.intercept.FilterSecurityInterceptor@1bec1589] 
24-03-25 17:55:55.857 [main] INFO  c.j.j.REpo.UserRepositoryImplTests - Started UserRepositoryImplTests in 6.991 seconds (process running for 8.36) 
24-03-25 17:55:55.938 [main] ERROR o.s.test.context.TestContextManager - Caught exception while allowing TestExecutionListener [org.springframework.test.context.support.DependencyInjectionTestExecutionListener] to prepare test instance [com.jrn.journalapp.REpo.UserRepositoryImplTests@2b6b487c] 
org.springframework.beans.factory.UnsatisfiedDependencyException: Error creating bean with name 'com.jrn.journalapp.REpo.UserRepositoryImplTests': Unsatisfied dependency expressed through field 'userRepository': No qualifying bean of type 'com.jrn.journalapp.repo.UserRepoImpl' available: expected at least 1 bean which qualifies as autowire candidate. Dependency annotations: {@org.springframework.beans.factory.annotation.Autowired(required=true)}
	at org.springframework.beans.factory.annotation.AutowiredAnnotationBeanPostProcessor$AutowiredFieldElement.resolveFieldValue(AutowiredAnnotationBeanPostProcessor.java:776)
	at org.springframework.beans.factory.annotation.AutowiredAnnotationBeanPostProcessor$AutowiredFieldElement.inject(AutowiredAnnotationBeanPostProcessor.java:756)
	at org.springframework.beans.factory.annotation.InjectionMetadata.inject(InjectionMetadata.java:145)
	at org.springframework.beans.factory.annotation.AutowiredAnnotationBeanPostProcessor.postProcessProperties(AutowiredAnnotationBeanPostProcessor.java:497)
	at org.springframework.beans.factory.support.AbstractAutowireCapableBeanFactory.populateBean(AbstractAutowireCapableBeanFactory.java:1414)
	at org.springframework.beans.factory.support.AbstractAutowireCapableBeanFactory.autowireBeanProperties(AbstractAutowireCapableBeanFactory.java:396)
	at org.springframework.test.context.support.DependencyInjectionTestExecutionListener.injectDependencies(DependencyInjectionTestExecutionListener.java:142)
	at org.springframework.test.context.support.DependencyInjectionTestExecutionListener.prepareTestInstance(DependencyInjectionTestExecutionListener.java:97)
	at org.springframework.test.context.TestContextManager.prepareTestInstance(TestContextManager.java:241)
	at org.springframework.test.context.junit.jupiter.SpringExtension.postProcessTestInstance(SpringExtension.java:138)
	at org.junit.jupiter.engine.descriptor.ClassBasedTestDescriptor.lambda$invokeTestInstancePostProcessors$10(ClassBasedTestDescriptor.java:377)
	at org.junit.jupiter.engine.descriptor.ClassBasedTestDescriptor.executeAndMaskThrowable(ClassBasedTestDescriptor.java:382)
	at org.junit.jupiter.engine.descriptor.ClassBasedTestDescriptor.lambda$invokeTestInstancePostProcessors$11(ClassBasedTestDescriptor.java:377)
	at java.base/java.util.stream.ReferencePipeline$3$1.accept(ReferencePipeline.java:197)
	at java.base/java.util.stream.ReferencePipeline$2$1.accept(ReferencePipeline.java:179)
	at java.base/java.util.ArrayList$ArrayListSpliterator.forEachRemaining(ArrayList.java:1708)
	at java.base/java.util.stream.AbstractPipeline.copyInto(AbstractPipeline.java:509)
	at java.base/java.util.stream.AbstractPipeline.wrapAndCopyInto(AbstractPipeline.java:499)
	at java.base/java.util.stream.StreamSpliterators$WrappingSpliterator.forEachRemaining(StreamSpliterators.java:310)
	at java.base/java.util.stream.Streams$ConcatSpliterator.forEachRemaining(Streams.java:735)
	at java.base/java.util.stream.Streams$ConcatSpliterator.forEachRemaining(Streams.java:734)
	at java.base/java.util.stream.ReferencePipeline$Head.forEach(ReferencePipeline.java:762)
	at org.junit.jupiter.engine.descriptor.ClassBasedTestDescriptor.invokeTestInstancePostProcessors(ClassBasedTestDescriptor.java:376)
	at org.junit.jupiter.engine.descriptor.ClassBasedTestDescriptor.lambda$instantiateAndPostProcessTestInstance$6(ClassBasedTestDescriptor.java:289)
	at org.junit.platform.engine.support.hierarchical.ThrowableCollector.execute(ThrowableCollector.java:73)
	at org.junit.jupiter.engine.descriptor.ClassBasedTestDescriptor.instantiateAndPostProcessTestInstance(ClassBasedTestDescriptor.java:288)
	at org.junit.jupiter.engine.descriptor.ClassBasedTestDescriptor.lambda$testInstancesProvider$4(ClassBasedTestDescriptor.java:278)
	at java.base/java.util.Optional.orElseGet(Optional.java:364)
	at org.junit.jupiter.engine.descriptor.ClassBasedTestDescriptor.lambda$testInstancesProvider$5(ClassBasedTestDescriptor.java:277)
	at org.junit.jupiter.engine.execution.TestInstancesProvider.getTestInstances(TestInstancesProvider.java:31)
	at org.junit.jupiter.engine.descriptor.TestMethodTestDescriptor.lambda$prepare$0(TestMethodTestDescriptor.java:105)
	at org.junit.platform.engine.support.hierarchical.ThrowableCollector.execute(ThrowableCollector.java:73)
	at org.junit.jupiter.engine.descriptor.TestMethodTestDescriptor.prepare(TestMethodTestDescriptor.java:104)
	at org.junit.jupiter.engine.descriptor.TestMethodTestDescriptor.prepare(TestMethodTestDescriptor.java:68)
	at org.junit.platform.engine.support.hierarchical.NodeTestTask.lambda$prepare$2(NodeTestTask.java:123)
	at org.junit.platform.engine.support.hierarchical.ThrowableCollector.execute(ThrowableCollector.java:73)
	at org.junit.platform.engine.support.hierarchical.NodeTestTask.prepare(NodeTestTask.java:123)
	at org.junit.platform.engine.support.hierarchical.NodeTestTask.execute(NodeTestTask.java:90)
	at java.base/java.util.ArrayList.forEach(ArrayList.java:1596)
	at org.junit.platform.engine.support.hierarchical.SameThreadHierarchicalTestExecutorService.invokeAll(SameThreadHierarchicalTestExecutorService.java:41)
	at org.junit.platform.engine.support.hierarchical.NodeTestTask.lambda$executeRecursively$6(NodeTestTask.java:155)
	at org.junit.platform.engine.support.hierarchical.ThrowableCollector.execute(ThrowableCollector.java:73)
	at org.junit.platform.engine.support.hierarchical.NodeTestTask.lambda$executeRecursively$8(NodeTestTask.java:141)
	at org.junit.platform.engine.support.hierarchical.Node.around(Node.java:137)
	at org.junit.platform.engine.support.hierarchical.NodeTestTask.lambda$executeRecursively$9(NodeTestTask.java:139)
	at org.junit.platform.engine.support.hierarchical.ThrowableCollector.execute(ThrowableCollector.java:73)
	at org.junit.platform.engine.support.hierarchical.NodeTestTask.executeRecursively(NodeTestTask.java:138)
	at org.junit.platform.engine.support.hierarchical.NodeTestTask.execute(NodeTestTask.java:95)
	at java.base/java.util.ArrayList.forEach(ArrayList.java:1596)
	at org.junit.platform.engine.support.hierarchical.SameThreadHierarchicalTestExecutorService.invokeAll(SameThreadHierarchicalTestExecutorService.java:41)
	at org.junit.platform.engine.support.hierarchical.NodeTestTask.lambda$executeRecursively$6(NodeTestTask.java:155)
	at org.junit.platform.engine.support.hierarchical.ThrowableCollector.execute(ThrowableCollector.java:73)
	at org.junit.platform.engine.support.hierarchical.NodeTestTask.lambda$executeRecursively$8(NodeTestTask.java:141)
	at org.junit.platform.engine.support.hierarchical.Node.around(Node.java:137)
	at org.junit.platform.engine.support.hierarchical.NodeTestTask.lambda$executeRecursively$9(NodeTestTask.java:139)
	at org.junit.platform.engine.support.hierarchical.ThrowableCollector.execute(ThrowableCollector.java:73)
	at org.junit.platform.engine.support.hierarchical.NodeTestTask.executeRecursively(NodeTestTask.java:138)
	at org.junit.platform.engine.support.hierarchical.NodeTestTask.execute(NodeTestTask.java:95)
	at org.junit.platform.engine.support.hierarchical.SameThreadHierarchicalTestExecutorService.submit(SameThreadHierarchicalTestExecutorService.java:35)
	at org.junit.platform.engine.support.hierarchical.HierarchicalTestExecutor.execute(HierarchicalTestExecutor.java:57)
	at org.junit.platform.engine.support.hierarchical.HierarchicalTestEngine.execute(HierarchicalTestEngine.java:54)
	at org.junit.platform.launcher.core.EngineExecutionOrchestrator.execute(EngineExecutionOrchestrator.java:147)
	at org.junit.platform.launcher.core.EngineExecutionOrchestrator.execute(EngineExecutionOrchestrator.java:127)
	at org.junit.platform.launcher.core.EngineExecutionOrchestrator.execute(EngineExecutionOrchestrator.java:90)
	at org.junit.platform.launcher.core.EngineExecutionOrchestrator.lambda$execute$0(EngineExecutionOrchestrator.java:55)
	at org.junit.platform.launcher.core.EngineExecutionOrchestrator.withInterceptedStreams(EngineExecutionOrchestrator.java:102)
	at org.junit.platform.launcher.core.EngineExecutionOrchestrator.execute(EngineExecutionOrchestrator.java:54)
	at org.junit.platform.launcher.core.DefaultLauncher.execute(DefaultLauncher.java:114)
	at org.junit.platform.launcher.core.DefaultLauncher.execute(DefaultLauncher.java:86)
	at org.junit.platform.launcher.core.DefaultLauncherSession$DelegatingLauncher.execute(DefaultLauncherSession.java:86)
	at org.junit.platform.launcher.core.SessionPerRequestLauncher.execute(SessionPerRequestLauncher.java:53)
	at com.intellij.junit5.JUnit5IdeaTestRunner.startRunnerWithArgs(JUnit5IdeaTestRunner.java:57)
	at com.intellij.rt.junit.IdeaTestRunner$Repeater$1.execute(IdeaTestRunner.java:38)
	at com.intellij.rt.execution.junit.TestsRepeater.repeat(TestsRepeater.java:11)
	at com.intellij.rt.junit.IdeaTestRunner$Repeater.startRunnerWithArgs(IdeaTestRunner.java:35)
	at com.intellij.rt.junit.JUnitStarter.prepareStreamsAndStart(JUnitStarter.java:232)
	at com.intellij.rt.junit.JUnitStarter.main(JUnitStarter.java:55)
Caused by: org.springframework.beans.factory.NoSuchBeanDefinitionException: No qualifying bean of type 'com.jrn.journalapp.repo.UserRepoImpl' available: expected at least 1 bean which qualifies as autowire candidate. Dependency annotations: {@org.springframework.beans.factory.annotation.Autowired(required=true)}
	at org.springframework.beans.factory.support.DefaultListableBeanFactory.raiseNoMatchingBeanFound(DefaultListableBeanFactory.java:1824)
	at org.springframework.beans.factory.support.DefaultListableBeanFactory.doResolveDependency(DefaultListableBeanFactory.java:1383)
	at org.springframework.beans.factory.support.DefaultListableBeanFactory.resolveDependency(DefaultListableBeanFactory.java:1337)
	at org.springframework.beans.factory.annotation.AutowiredAnnotationBeanPostProcessor$AutowiredFieldElement.resolveFieldValue(AutowiredAnnotationBeanPostProcessor.java:773)
	... 76 common frames omitted
24-03-25 17:55:56.588 [main] INFO  o.s.t.c.s.AnnotationConfigContextLoaderUtils - Could not detect default configuration classes for test class [com.jrn.journalapp.REpo.UserRepositoryImplTests]: UserRepositoryImplTests does not declare any static, non-private, non-final, nested classes annotated with @Configuration. 
24-03-25 17:55:56.912 [main] INFO  o.s.b.t.c.SpringBootTestContextBootstrapper - Found @SpringBootConfiguration com.jrn.journalapp.JournalAppApplication for test class com.jrn.journalapp.REpo.UserRepositoryImplTests 
24-03-25 17:55:58.379 [main] INFO  c.j.j.REpo.UserRepositoryImplTests - Starting UserRepositoryImplTests using Java 21.0.2 with PID 7320 (started by SANJAY KUMAR SINGH in C:\Users\SANJAY KUMAR SINGH\Downloads\journalapp\journalapp) 
24-03-25 17:55:58.381 [main] INFO  c.j.j.REpo.UserRepositoryImplTests - No active profile set, falling back to 1 default profile: "default" 
24-03-25 17:55:59.455 [main] INFO  o.s.d.r.c.RepositoryConfigurationDelegate - Multiple Spring Data modules found, entering strict repository configuration mode 
24-03-25 17:55:59.457 [main] INFO  o.s.d.r.c.RepositoryConfigurationDelegate - Bootstrapping Spring Data MongoDB repositories in DEFAULT mode. 
24-03-25 17:55:59.554 [main] INFO  o.s.d.r.c.RepositoryConfigurationDelegate - Finished Spring Data repository scanning in 90 ms. Found 3 MongoDB repository interfaces. 
